<?xml version="1.0" encoding="UTF-8"?>
<!-- Generated by org.testng.reporters.JUnitXMLReporter -->
<testsuite hostname="DESKTOP-0HCC1JU" name="Test" tests="4" failures="4" timestamp="2 Nov 2019 10:52:31 GMT" time="0.358" errors="0">
  <testcase name="irctcAccommodations" time="0.01" classname="pom.testcases.TC002">
    <failure type="java.lang.NullPointerException">
      <![CDATA[java.lang.NullPointerException
	at wrappers.GenericWrappers.clickByXpath(GenericWrappers.java:391)
	at project2irctcpages.HomePage.clickOnStays(HomePage.java:24)
	at pom.testcases.TC002.irctcAccommodations(TC002.java:26)
	at java.util.concurrent.ThreadPoolExecutor.runWorker(Unknown Source)
	at java.util.concurrent.ThreadPoolExecutor$Worker.run(Unknown Source)
	at java.lang.Thread.run(Unknown Source)
... Removed 10 stack frames]]>
    </failure>
  </testcase> <!-- irctcAccommodations -->
  <testcase name="irctcSignUp" time="0.01" classname="pom.testcases.TC001">
    <failure type="java.lang.NullPointerException">
      <![CDATA[java.lang.NullPointerException
	at wrappers.GenericWrappers.clickByXpath(GenericWrappers.java:391)
	at project2irctcpages.HomePage.clickOnRegister(HomePage.java:19)
	at pom.testcases.TC001.irctcSignUp(TC001.java:27)
	at java.util.concurrent.ThreadPoolExecutor.runWorker(Unknown Source)
	at java.util.concurrent.ThreadPoolExecutor$Worker.run(Unknown Source)
	at java.lang.Thread.run(Unknown Source)
... Removed 10 stack frames]]>
    </failure>
  </testcase> <!-- irctcSignUp -->
  <testcase name="irctcSaloon" time="0.01" classname="pom.testcases.TC004">
    <failure type="java.lang.NullPointerException">
      <![CDATA[java.lang.NullPointerException
	at wrappers.GenericWrappers.clickByXpath(GenericWrappers.java:391)
	at project2irctcpages.HomePage.clickOnStays(HomePage.java:24)
	at pom.testcases.TC004.irctcSaloon(TC004.java:26)
	at java.util.concurrent.ThreadPoolExecutor.runWorker(Unknown Source)
	at java.util.concurrent.ThreadPoolExecutor$Worker.run(Unknown Source)
	at java.lang.Thread.run(Unknown Source)
... Removed 10 stack frames]]>
    </failure>
  </testcase> <!-- irctcSaloon -->
  <testcase name="irctcFtrServices" time="0.0" classname="pom.testcases.TC003">
    <failure type="java.lang.NullPointerException">
      <![CDATA[java.lang.NullPointerException
	at wrappers.GenericWrappers.clickByXpath(GenericWrappers.java:391)
	at project2irctcpages.HomePage.clickOnStays(HomePage.java:24)
	at pom.testcases.TC003.irctcFtrServices(TC003.java:23)
	at java.util.concurrent.ThreadPoolExecutor.runWorker(Unknown Source)
	at java.util.concurrent.ThreadPoolExecutor$Worker.run(Unknown Source)
	at java.lang.Thread.run(Unknown Source)
... Removed 10 stack frames]]>
    </failure>
  </testcase> <!-- irctcFtrServices -->
</testsuite> <!-- Test -->
