<?xml version="1.0" encoding="UTF-8"?>
<!-- Generated by org.testng.reporters.JUnitXMLReporter -->
<testsuite hostname="DESKTOP-OH4GKI0" ignored="0" name="Default test" tests="4" failures="0" timestamp="2021-06-22T12:29:18 IST" time="0.143" errors="0">
  <testcase name="test1" time="0.011" classname="TestNg.prmdp"/>
  <testcase name="test1" time="0.006" classname="TestNg.prmdp"/>
  <testcase name="test2" time="0.003" classname="TestNg.prmdp"/>
  <testcase name="test2" time="0.008" classname="TestNg.prmdp"/>
</testsuite> <!-- Default test -->
