<?xml version="1.0" encoding="UTF-8"?>
<!-- Generated by org.testng.reporters.JUnitXMLReporter -->
<testsuite hostname="DESKTOP-OH4GKI0" ignored="0" name="Test" tests="2" failures="1" timestamp="2021-06-24T12:18:45 IST" time="0.125" errors="0">
  <testcase name="Test1" time="0.02" classname="Listeners.Tickets">
    <failure type="java.lang.AssertionError" message="expected [teja] but found [ravi]">
      <![CDATA[java.lang.AssertionError: expected [teja] but found [ravi]
at Listeners.Tickets.Test1(Tickets.java:10)
at java.util.ArrayList.forEach(Unknown Source)
... Removed 33 stack frames]]>
    </failure>
  </testcase> <!-- Test1 -->
  <testcase name="test2" time="0.002" classname="Listeners.Tickets"/>
</testsuite> <!-- Test -->
